Analysis & Synthesis report for universal_computer
Sun Jul 11 19:33:07 2021
Quartus Prime Version 20.1.1 Build 720 11/11/2020 SJ Lite Edition


---------------------
; Table of Contents ;
---------------------
  1. Legal Notice
  2. Analysis & Synthesis Summary
  3. Analysis & Synthesis Settings
  4. Parallel Compilation
  5. Analysis & Synthesis Source Files Read
  6. Analysis & Synthesis Resource Usage Summary
  7. Analysis & Synthesis Resource Utilization by Entity
  8. General Register Statistics
  9. Port Connectivity Checks: "brute_force_universal_element:\gen_gates:7:tmp_gate"
 10. Port Connectivity Checks: "brute_force_universal_element:\gen_gates:6:tmp_gate"
 11. Port Connectivity Checks: "brute_force_universal_element:\gen_gates:5:tmp_gate"
 12. Port Connectivity Checks: "brute_force_universal_element:\gen_gates:4:tmp_gate"
 13. Port Connectivity Checks: "brute_force_universal_element:\gen_gates:3:tmp_gate"
 14. Port Connectivity Checks: "brute_force_universal_element:\gen_gates:2:tmp_gate"
 15. Port Connectivity Checks: "brute_force_universal_element:\gen_gates:1:tmp_gate"
 16. Port Connectivity Checks: "brute_force_universal_element:\gen_gates:0:tmp_gate"
 17. Post-Synthesis Netlist Statistics for Top Partition
 18. Elapsed Time Per Partition
 19. Analysis & Synthesis Messages



----------------
; Legal Notice ;
----------------
Copyright (C) 2020  Intel Corporation. All rights reserved.
Your use of Intel Corporation's design tools, logic functions 
and other software and tools, and any partner logic 
functions, and any output files from any of the foregoing 
(including device programming or simulation files), and any 
associated documentation or information are expressly subject 
to the terms and conditions of the Intel Program License 
Subscription Agreement, the Intel Quartus Prime License Agreement,
the Intel FPGA IP License Agreement, or other applicable license
agreement, including, without limitation, that your use is for
the sole purpose of programming logic devices manufactured by
Intel and sold by Intel or its authorized distributors.  Please
refer to the applicable agreement for further details, at
https://fpgasoftware.intel.com/eula.



+----------------------------------------------------------------------------------+
; Analysis & Synthesis Summary                                                     ;
+------------------------------------+---------------------------------------------+
; Analysis & Synthesis Status        ; Successful - Sun Jul 11 19:33:07 2021       ;
; Quartus Prime Version              ; 20.1.1 Build 720 11/11/2020 SJ Lite Edition ;
; Revision Name                      ; universal_computer                          ;
; Top-level Entity Name              ; universal_computer                          ;
; Family                             ; Cyclone IV E                                ;
; Total logic elements               ; 8                                           ;
;     Total combinational functions  ; 8                                           ;
;     Dedicated logic registers      ; 0                                           ;
; Total registers                    ; 0                                           ;
; Total pins                         ; 13                                          ;
; Total virtual pins                 ; 0                                           ;
; Total memory bits                  ; 0                                           ;
; Embedded Multiplier 9-bit elements ; 0                                           ;
; Total PLLs                         ; 0                                           ;
+------------------------------------+---------------------------------------------+


+------------------------------------------------------------------------------------------------------------+
; Analysis & Synthesis Settings                                                                              ;
+------------------------------------------------------------------+--------------------+--------------------+
; Option                                                           ; Setting            ; Default Value      ;
+------------------------------------------------------------------+--------------------+--------------------+
; Device                                                           ; EP4CE22F17C6       ;                    ;
; Top-level entity name                                            ; universal_computer ; universal_computer ;
; Family name                                                      ; Cyclone IV E       ; Cyclone V          ;
; Use smart compilation                                            ; Off                ; Off                ;
; Enable parallel Assembler and Timing Analyzer during compilation ; On                 ; On                 ;
; Enable compact report table                                      ; Off                ; Off                ;
; Restructure Multiplexers                                         ; Auto               ; Auto               ;
; Create Debugging Nodes for IP Cores                              ; Off                ; Off                ;
; Preserve fewer node names                                        ; On                 ; On                 ;
; Intel FPGA IP Evaluation Mode                                    ; Enable             ; Enable             ;
; Verilog Version                                                  ; Verilog_2001       ; Verilog_2001       ;
; VHDL Version                                                     ; VHDL_1993          ; VHDL_1993          ;
; State Machine Processing                                         ; Auto               ; Auto               ;
; Safe State Machine                                               ; Off                ; Off                ;
; Extract Verilog State Machines                                   ; On                 ; On                 ;
; Extract VHDL State Machines                                      ; On                 ; On                 ;
; Ignore Verilog initial constructs                                ; Off                ; Off                ;
; Iteration limit for constant Verilog loops                       ; 5000               ; 5000               ;
; Iteration limit for non-constant Verilog loops                   ; 250                ; 250                ;
; Add Pass-Through Logic to Inferred RAMs                          ; On                 ; On                 ;
; Infer RAMs from Raw Logic                                        ; On                 ; On                 ;
; Parallel Synthesis                                               ; On                 ; On                 ;
; DSP Block Balancing                                              ; Auto               ; Auto               ;
; NOT Gate Push-Back                                               ; On                 ; On                 ;
; Power-Up Don't Care                                              ; On                 ; On                 ;
; Remove Redundant Logic Cells                                     ; Off                ; Off                ;
; Remove Duplicate Registers                                       ; On                 ; On                 ;
; Ignore CARRY Buffers                                             ; Off                ; Off                ;
; Ignore CASCADE Buffers                                           ; Off                ; Off                ;
; Ignore GLOBAL Buffers                                            ; Off                ; Off                ;
; Ignore ROW GLOBAL Buffers                                        ; Off                ; Off                ;
; Ignore LCELL Buffers                                             ; Off                ; Off                ;
; Ignore SOFT Buffers                                              ; On                 ; On                 ;
; Limit AHDL Integers to 32 Bits                                   ; Off                ; Off                ;
; Optimization Technique                                           ; Balanced           ; Balanced           ;
; Carry Chain Length                                               ; 70                 ; 70                 ;
; Auto Carry Chains                                                ; On                 ; On                 ;
; Auto Open-Drain Pins                                             ; On                 ; On                 ;
; Perform WYSIWYG Primitive Resynthesis                            ; Off                ; Off                ;
; Auto ROM Replacement                                             ; On                 ; On                 ;
; Auto RAM Replacement                                             ; On                 ; On                 ;
; Auto DSP Block Replacement                                       ; On                 ; On                 ;
; Auto Shift Register Replacement                                  ; Auto               ; Auto               ;
; Allow Shift Register Merging across Hierarchies                  ; Auto               ; Auto               ;
; Auto Clock Enable Replacement                                    ; On                 ; On                 ;
; Strict RAM Replacement                                           ; Off                ; Off                ;
; Allow Synchronous Control Signals                                ; On                 ; On                 ;
; Force Use of Synchronous Clear Signals                           ; Off                ; Off                ;
; Auto RAM Block Balancing                                         ; On                 ; On                 ;
; Auto RAM to Logic Cell Conversion                                ; Off                ; Off                ;
; Auto Resource Sharing                                            ; Off                ; Off                ;
; Allow Any RAM Size For Recognition                               ; Off                ; Off                ;
; Allow Any ROM Size For Recognition                               ; Off                ; Off                ;
; Allow Any Shift Register Size For Recognition                    ; Off                ; Off                ;
; Use LogicLock Constraints during Resource Balancing              ; On                 ; On                 ;
; Ignore translate_off and synthesis_off directives                ; Off                ; Off                ;
; Timing-Driven Synthesis                                          ; On                 ; On                 ;
; Report Parameter Settings                                        ; On                 ; On                 ;
; Report Source Assignments                                        ; On                 ; On                 ;
; Report Connectivity Checks                                       ; On                 ; On                 ;
; Ignore Maximum Fan-Out Assignments                               ; Off                ; Off                ;
; Synchronization Register Chain Length                            ; 2                  ; 2                  ;
; Power Optimization During Synthesis                              ; Normal compilation ; Normal compilation ;
; HDL message level                                                ; Level2             ; Level2             ;
; Suppress Register Optimization Related Messages                  ; Off                ; Off                ;
; Number of Removed Registers Reported in Synthesis Report         ; 5000               ; 5000               ;
; Number of Swept Nodes Reported in Synthesis Report               ; 5000               ; 5000               ;
; Number of Inverted Registers Reported in Synthesis Report        ; 100                ; 100                ;
; Clock MUX Protection                                             ; On                 ; On                 ;
; Auto Gated Clock Conversion                                      ; Off                ; Off                ;
; Block Design Naming                                              ; Auto               ; Auto               ;
; SDC constraint protection                                        ; Off                ; Off                ;
; Synthesis Effort                                                 ; Auto               ; Auto               ;
; Shift Register Replacement - Allow Asynchronous Clear Signal     ; On                 ; On                 ;
; Pre-Mapping Resynthesis Optimization                             ; Off                ; Off                ;
; Analysis & Synthesis Message Level                               ; Medium             ; Medium             ;
; Disable Register Merging Across Hierarchies                      ; Auto               ; Auto               ;
; Resource Aware Inference For Block RAM                           ; On                 ; On                 ;
+------------------------------------------------------------------+--------------------+--------------------+


+------------------------------------------+
; Parallel Compilation                     ;
+----------------------------+-------------+
; Processors                 ; Number      ;
+----------------------------+-------------+
; Number detected on machine ; 8           ;
; Maximum allowed            ; 4           ;
;                            ;             ;
; Average used               ; 1.00        ;
; Maximum used               ; 1           ;
;                            ;             ;
; Usage by Processor         ; % Time Used ;
;     Processor 1            ; 100.0%      ;
+----------------------------+-------------+


+-------------------------------------------------------------------------------------------------------------------------------------------------------------------------+
; Analysis & Synthesis Source Files Read                                                                                                                                  ;
+-----------------------------------+-----------------+-----------------+---------------------------------------------------------------------------------------+---------+
; File Name with User-Entered Path  ; Used in Netlist ; File Type       ; File Name with Absolute Path                                                          ; Library ;
+-----------------------------------+-----------------+-----------------+---------------------------------------------------------------------------------------+---------+
; universal_computer.vhd            ; yes             ; User VHDL File  ; /mnt/data_disk/quartus_projects/universal_computers/universal_computer.vhd            ;         ;
; brute_force_universal_element.vhd ; yes             ; User VHDL File  ; /mnt/data_disk/quartus_projects/universal_computers/brute_force_universal_element.vhd ;         ;
+-----------------------------------+-----------------+-----------------+---------------------------------------------------------------------------------------+---------+


+-----------------------------------------------------------------+
; Analysis & Synthesis Resource Usage Summary                     ;
+---------------------------------------------+-------------------+
; Resource                                    ; Usage             ;
+---------------------------------------------+-------------------+
; Estimated Total logic elements              ; 8                 ;
;                                             ;                   ;
; Total combinational functions               ; 8                 ;
; Logic element usage by number of LUT inputs ;                   ;
;     -- 4 input functions                    ; 3                 ;
;     -- 3 input functions                    ; 3                 ;
;     -- <=2 input functions                  ; 2                 ;
;                                             ;                   ;
; Logic elements by mode                      ;                   ;
;     -- normal mode                          ; 8                 ;
;     -- arithmetic mode                      ; 0                 ;
;                                             ;                   ;
; Total registers                             ; 0                 ;
;     -- Dedicated logic registers            ; 0                 ;
;     -- I/O registers                        ; 0                 ;
;                                             ;                   ;
; I/O pins                                    ; 13                ;
;                                             ;                   ;
; Embedded Multiplier 9-bit elements          ; 0                 ;
;                                             ;                   ;
; Maximum fan-out node                        ; add_not_mul~input ;
; Maximum fan-out                             ; 5                 ;
; Total fan-out                               ; 42                ;
; Average fan-out                             ; 1.24              ;
+---------------------------------------------+-------------------+


+--------------------------------------------------------------------------------------------------------------------------------------------------------------------------------------------------------------------------------------------------------------------------------------------------------------+
; Analysis & Synthesis Resource Utilization by Entity                                                                                                                                                                                                                                                          ;
+----------------------------------------------------------+---------------------+---------------------------+-------------+--------------+---------+-----------+------+--------------+-------------------------------------------------------------------------+-------------------------------+--------------+
; Compilation Hierarchy Node                               ; Combinational ALUTs ; Dedicated Logic Registers ; Memory Bits ; DSP Elements ; DSP 9x9 ; DSP 18x18 ; Pins ; Virtual Pins ; Full Hierarchy Name                                                     ; Entity Name                   ; Library Name ;
+----------------------------------------------------------+---------------------+---------------------------+-------------+--------------+---------+-----------+------+--------------+-------------------------------------------------------------------------+-------------------------------+--------------+
; |universal_computer                                      ; 8 (2)               ; 0 (0)                     ; 0           ; 0            ; 0       ; 0         ; 13   ; 0            ; |universal_computer                                                     ; universal_computer            ; work         ;
;    |brute_force_universal_element:\gen_gates:0:tmp_gate| ; 1 (1)               ; 0 (0)                     ; 0           ; 0            ; 0       ; 0         ; 0    ; 0            ; |universal_computer|brute_force_universal_element:\gen_gates:0:tmp_gate ; brute_force_universal_element ; work         ;
;    |brute_force_universal_element:\gen_gates:1:tmp_gate| ; 1 (1)               ; 0 (0)                     ; 0           ; 0            ; 0       ; 0         ; 0    ; 0            ; |universal_computer|brute_force_universal_element:\gen_gates:1:tmp_gate ; brute_force_universal_element ; work         ;
;    |brute_force_universal_element:\gen_gates:2:tmp_gate| ; 1 (1)               ; 0 (0)                     ; 0           ; 0            ; 0       ; 0         ; 0    ; 0            ; |universal_computer|brute_force_universal_element:\gen_gates:2:tmp_gate ; brute_force_universal_element ; work         ;
;    |brute_force_universal_element:\gen_gates:4:tmp_gate| ; 1 (1)               ; 0 (0)                     ; 0           ; 0            ; 0       ; 0         ; 0    ; 0            ; |universal_computer|brute_force_universal_element:\gen_gates:4:tmp_gate ; brute_force_universal_element ; work         ;
;    |brute_force_universal_element:\gen_gates:6:tmp_gate| ; 2 (2)               ; 0 (0)                     ; 0           ; 0            ; 0       ; 0         ; 0    ; 0            ; |universal_computer|brute_force_universal_element:\gen_gates:6:tmp_gate ; brute_force_universal_element ; work         ;
+----------------------------------------------------------+---------------------+---------------------------+-------------+--------------+---------+-----------+------+--------------+-------------------------------------------------------------------------+-------------------------------+--------------+
Note: For table entries with two numbers listed, the numbers in parentheses indicate the number of resources of the given type used by the specific entity alone. The numbers listed outside of parentheses indicate the total resources of the given type used by the specific entity and all of its sub-entities in the hierarchy.


+------------------------------------------------------+
; General Register Statistics                          ;
+----------------------------------------------+-------+
; Statistic                                    ; Value ;
+----------------------------------------------+-------+
; Total registers                              ; 0     ;
; Number of registers using Synchronous Clear  ; 0     ;
; Number of registers using Synchronous Load   ; 0     ;
; Number of registers using Asynchronous Clear ; 0     ;
; Number of registers using Asynchronous Load  ; 0     ;
; Number of registers using Clock Enable       ; 0     ;
; Number of registers using Preset             ; 0     ;
+----------------------------------------------+-------+


+---------------------------------------------------------------------------------+
; Port Connectivity Checks: "brute_force_universal_element:\gen_gates:7:tmp_gate" ;
+----------+-------+----------+---------------------------------------------------+
; Port     ; Type  ; Severity ; Details                                           ;
+----------+-------+----------+---------------------------------------------------+
; gate_sel ; Input ; Info     ; Stuck at GND                                      ;
+----------+-------+----------+---------------------------------------------------+


+---------------------------------------------------------------------------------+
; Port Connectivity Checks: "brute_force_universal_element:\gen_gates:6:tmp_gate" ;
+-------------+-------+----------+------------------------------------------------+
; Port        ; Type  ; Severity ; Details                                        ;
+-------------+-------+----------+------------------------------------------------+
; gate_sel[2] ; Input ; Info     ; Stuck at GND                                   ;
+-------------+-------+----------+------------------------------------------------+


+---------------------------------------------------------------------------------+
; Port Connectivity Checks: "brute_force_universal_element:\gen_gates:5:tmp_gate" ;
+----------+-------+----------+---------------------------------------------------+
; Port     ; Type  ; Severity ; Details                                           ;
+----------+-------+----------+---------------------------------------------------+
; gate_sel ; Input ; Info     ; Stuck at GND                                      ;
+----------+-------+----------+---------------------------------------------------+


+---------------------------------------------------------------------------------+
; Port Connectivity Checks: "brute_force_universal_element:\gen_gates:4:tmp_gate" ;
+-------------+-------+----------+------------------------------------------------+
; Port        ; Type  ; Severity ; Details                                        ;
+-------------+-------+----------+------------------------------------------------+
; gate_sel[2] ; Input ; Info     ; Stuck at GND                                   ;
; gate_sel[1] ; Input ; Info     ; Stuck at VCC                                   ;
; gate_sel[0] ; Input ; Info     ; Stuck at GND                                   ;
+-------------+-------+----------+------------------------------------------------+


+---------------------------------------------------------------------------------+
; Port Connectivity Checks: "brute_force_universal_element:\gen_gates:3:tmp_gate" ;
+----------+-------+----------+---------------------------------------------------+
; Port     ; Type  ; Severity ; Details                                           ;
+----------+-------+----------+---------------------------------------------------+
; gate_sel ; Input ; Info     ; Stuck at GND                                      ;
+----------+-------+----------+---------------------------------------------------+


+---------------------------------------------------------------------------------+
; Port Connectivity Checks: "brute_force_universal_element:\gen_gates:2:tmp_gate" ;
+-------------+-------+----------+------------------------------------------------+
; Port        ; Type  ; Severity ; Details                                        ;
+-------------+-------+----------+------------------------------------------------+
; gate_sel[2] ; Input ; Info     ; Stuck at GND                                   ;
; gate_sel[0] ; Input ; Info     ; Stuck at GND                                   ;
+-------------+-------+----------+------------------------------------------------+


+---------------------------------------------------------------------------------+
; Port Connectivity Checks: "brute_force_universal_element:\gen_gates:1:tmp_gate" ;
+----------+-------+----------+---------------------------------------------------+
; Port     ; Type  ; Severity ; Details                                           ;
+----------+-------+----------+---------------------------------------------------+
; gate_sel ; Input ; Info     ; Stuck at GND                                      ;
+----------+-------+----------+---------------------------------------------------+


+---------------------------------------------------------------------------------+
; Port Connectivity Checks: "brute_force_universal_element:\gen_gates:0:tmp_gate" ;
+-------------+-------+----------+------------------------------------------------+
; Port        ; Type  ; Severity ; Details                                        ;
+-------------+-------+----------+------------------------------------------------+
; gate_sel[2] ; Input ; Info     ; Stuck at GND                                   ;
; gate_sel[0] ; Input ; Info     ; Stuck at GND                                   ;
+-------------+-------+----------+------------------------------------------------+


+-----------------------------------------------------+
; Post-Synthesis Netlist Statistics for Top Partition ;
+-----------------------+-----------------------------+
; Type                  ; Count                       ;
+-----------------------+-----------------------------+
; boundary_port         ; 13                          ;
; cycloneiii_lcell_comb ; 9                           ;
;     normal            ; 9                           ;
;         0 data inputs ; 1                           ;
;         2 data inputs ; 2                           ;
;         3 data inputs ; 3                           ;
;         4 data inputs ; 3                           ;
;                       ;                             ;
; Max LUT depth         ; 2.00                        ;
; Average LUT depth     ; 1.79                        ;
+-----------------------+-----------------------------+


+-------------------------------+
; Elapsed Time Per Partition    ;
+----------------+--------------+
; Partition Name ; Elapsed Time ;
+----------------+--------------+
; Top            ; 00:00:00     ;
+----------------+--------------+


+-------------------------------+
; Analysis & Synthesis Messages ;
+-------------------------------+
Info: *******************************************************************
Info: Running Quartus Prime Analysis & Synthesis
    Info: Version 20.1.1 Build 720 11/11/2020 SJ Lite Edition
    Info: Processing started: Sun Jul 11 19:33:00 2021
Info: Command: quartus_map --read_settings_files=on --write_settings_files=off universal_computer -c universal_computer
Warning (18236): Number of processors has not been specified which may cause overloading on shared machines.  Set the global assignment NUM_PARALLEL_PROCESSORS in your QSF to an appropriate value for best performance.
Info (20030): Parallel compilation is enabled and will use 4 of the 4 processors detected
Info (12021): Found 2 design units, including 1 entities, in source file universal_computer.vhd
    Info (12022): Found design unit 1: universal_computer-behavorial File: /mnt/data_disk/quartus_projects/universal_computers/universal_computer.vhd Line: 14
    Info (12023): Found entity 1: universal_computer File: /mnt/data_disk/quartus_projects/universal_computers/universal_computer.vhd Line: 4
Info (12021): Found 2 design units, including 1 entities, in source file brute_force_universal_element.vhd
    Info (12022): Found design unit 1: brute_force_universal_element-behavorial File: /mnt/data_disk/quartus_projects/universal_computers/brute_force_universal_element.vhd Line: 14
    Info (12023): Found entity 1: brute_force_universal_element File: /mnt/data_disk/quartus_projects/universal_computers/brute_force_universal_element.vhd Line: 4
Info (12021): Found 2 design units, including 1 entities, in source file tent_universal_element.vhd
    Info (12022): Found design unit 1: tent_universal_element-behavorial File: /mnt/data_disk/quartus_projects/universal_computers/tent_universal_element.vhd Line: 17
    Info (12023): Found entity 1: tent_universal_element File: /mnt/data_disk/quartus_projects/universal_computers/tent_universal_element.vhd Line: 7
Info (12021): Found 2 design units, including 1 entities, in source file universal_gate_testbench.vhd
    Info (12022): Found design unit 1: universal_gate_testbench-behavorial File: /mnt/data_disk/quartus_projects/universal_computers/universal_gate_testbench.vhd Line: 7
    Info (12023): Found entity 1: universal_gate_testbench File: /mnt/data_disk/quartus_projects/universal_computers/universal_gate_testbench.vhd Line: 4
Info (12127): Elaborating entity "universal_computer" for the top level hierarchy
Warning (10540): VHDL Signal Declaration warning at universal_computer.vhd(39): used explicit default value for signal "gate_sel_and" because signal was never assigned a value File: /mnt/data_disk/quartus_projects/universal_computers/universal_computer.vhd Line: 39
Warning (10540): VHDL Signal Declaration warning at universal_computer.vhd(40): used explicit default value for signal "gate_sel_or" because signal was never assigned a value File: /mnt/data_disk/quartus_projects/universal_computers/universal_computer.vhd Line: 40
Warning (10540): VHDL Signal Declaration warning at universal_computer.vhd(41): used explicit default value for signal "gate_sel_xor" because signal was never assigned a value File: /mnt/data_disk/quartus_projects/universal_computers/universal_computer.vhd Line: 41
Warning (10492): VHDL Process Statement warning at universal_computer.vhd(64): signal "gate_sel_xor" is read inside the Process Statement but isn't in the Process Statement's sensitivity list File: /mnt/data_disk/quartus_projects/universal_computers/universal_computer.vhd Line: 64
Warning (10492): VHDL Process Statement warning at universal_computer.vhd(68): signal "gate_sel_and" is read inside the Process Statement but isn't in the Process Statement's sensitivity list File: /mnt/data_disk/quartus_projects/universal_computers/universal_computer.vhd Line: 68
Warning (10492): VHDL Process Statement warning at universal_computer.vhd(72): signal "gate_sel_xor" is read inside the Process Statement but isn't in the Process Statement's sensitivity list File: /mnt/data_disk/quartus_projects/universal_computers/universal_computer.vhd Line: 72
Warning (10492): VHDL Process Statement warning at universal_computer.vhd(76): signal "gate_sel_and" is read inside the Process Statement but isn't in the Process Statement's sensitivity list File: /mnt/data_disk/quartus_projects/universal_computers/universal_computer.vhd Line: 76
Warning (10492): VHDL Process Statement warning at universal_computer.vhd(78): signal "out_vec" is read inside the Process Statement but isn't in the Process Statement's sensitivity list File: /mnt/data_disk/quartus_projects/universal_computers/universal_computer.vhd Line: 78
Warning (10492): VHDL Process Statement warning at universal_computer.vhd(79): signal "out_vec" is read inside the Process Statement but isn't in the Process Statement's sensitivity list File: /mnt/data_disk/quartus_projects/universal_computers/universal_computer.vhd Line: 79
Warning (10492): VHDL Process Statement warning at universal_computer.vhd(80): signal "gate_sel_xor" is read inside the Process Statement but isn't in the Process Statement's sensitivity list File: /mnt/data_disk/quartus_projects/universal_computers/universal_computer.vhd Line: 80
Warning (10492): VHDL Process Statement warning at universal_computer.vhd(82): signal "out_vec" is read inside the Process Statement but isn't in the Process Statement's sensitivity list File: /mnt/data_disk/quartus_projects/universal_computers/universal_computer.vhd Line: 82
Warning (10492): VHDL Process Statement warning at universal_computer.vhd(83): signal "out_vec" is read inside the Process Statement but isn't in the Process Statement's sensitivity list File: /mnt/data_disk/quartus_projects/universal_computers/universal_computer.vhd Line: 83
Warning (10492): VHDL Process Statement warning at universal_computer.vhd(84): signal "gate_sel_and" is read inside the Process Statement but isn't in the Process Statement's sensitivity list File: /mnt/data_disk/quartus_projects/universal_computers/universal_computer.vhd Line: 84
Warning (10492): VHDL Process Statement warning at universal_computer.vhd(86): signal "out_vec" is read inside the Process Statement but isn't in the Process Statement's sensitivity list File: /mnt/data_disk/quartus_projects/universal_computers/universal_computer.vhd Line: 86
Warning (10492): VHDL Process Statement warning at universal_computer.vhd(87): signal "out_vec" is read inside the Process Statement but isn't in the Process Statement's sensitivity list File: /mnt/data_disk/quartus_projects/universal_computers/universal_computer.vhd Line: 87
Warning (10492): VHDL Process Statement warning at universal_computer.vhd(88): signal "gate_sel_or" is read inside the Process Statement but isn't in the Process Statement's sensitivity list File: /mnt/data_disk/quartus_projects/universal_computers/universal_computer.vhd Line: 88
Warning (10492): VHDL Process Statement warning at universal_computer.vhd(93): signal "gate_sel_and" is read inside the Process Statement but isn't in the Process Statement's sensitivity list File: /mnt/data_disk/quartus_projects/universal_computers/universal_computer.vhd Line: 93
Warning (10492): VHDL Process Statement warning at universal_computer.vhd(95): signal "out_vec" is read inside the Process Statement but isn't in the Process Statement's sensitivity list File: /mnt/data_disk/quartus_projects/universal_computers/universal_computer.vhd Line: 95
Warning (10492): VHDL Process Statement warning at universal_computer.vhd(100): signal "gate_sel_and" is read inside the Process Statement but isn't in the Process Statement's sensitivity list File: /mnt/data_disk/quartus_projects/universal_computers/universal_computer.vhd Line: 100
Warning (10492): VHDL Process Statement warning at universal_computer.vhd(104): signal "gate_sel_and" is read inside the Process Statement but isn't in the Process Statement's sensitivity list File: /mnt/data_disk/quartus_projects/universal_computers/universal_computer.vhd Line: 104
Warning (10492): VHDL Process Statement warning at universal_computer.vhd(108): signal "gate_sel_and" is read inside the Process Statement but isn't in the Process Statement's sensitivity list File: /mnt/data_disk/quartus_projects/universal_computers/universal_computer.vhd Line: 108
Warning (10492): VHDL Process Statement warning at universal_computer.vhd(112): signal "gate_sel_and" is read inside the Process Statement but isn't in the Process Statement's sensitivity list File: /mnt/data_disk/quartus_projects/universal_computers/universal_computer.vhd Line: 112
Warning (10492): VHDL Process Statement warning at universal_computer.vhd(114): signal "out_vec" is read inside the Process Statement but isn't in the Process Statement's sensitivity list File: /mnt/data_disk/quartus_projects/universal_computers/universal_computer.vhd Line: 114
Warning (10492): VHDL Process Statement warning at universal_computer.vhd(115): signal "out_vec" is read inside the Process Statement but isn't in the Process Statement's sensitivity list File: /mnt/data_disk/quartus_projects/universal_computers/universal_computer.vhd Line: 115
Warning (10492): VHDL Process Statement warning at universal_computer.vhd(116): signal "gate_sel_xor" is read inside the Process Statement but isn't in the Process Statement's sensitivity list File: /mnt/data_disk/quartus_projects/universal_computers/universal_computer.vhd Line: 116
Warning (10492): VHDL Process Statement warning at universal_computer.vhd(118): signal "out_vec" is read inside the Process Statement but isn't in the Process Statement's sensitivity list File: /mnt/data_disk/quartus_projects/universal_computers/universal_computer.vhd Line: 118
Warning (10492): VHDL Process Statement warning at universal_computer.vhd(119): signal "out_vec" is read inside the Process Statement but isn't in the Process Statement's sensitivity list File: /mnt/data_disk/quartus_projects/universal_computers/universal_computer.vhd Line: 119
Warning (10492): VHDL Process Statement warning at universal_computer.vhd(120): signal "gate_sel_and" is read inside the Process Statement but isn't in the Process Statement's sensitivity list File: /mnt/data_disk/quartus_projects/universal_computers/universal_computer.vhd Line: 120
Warning (10492): VHDL Process Statement warning at universal_computer.vhd(122): signal "out_vec" is read inside the Process Statement but isn't in the Process Statement's sensitivity list File: /mnt/data_disk/quartus_projects/universal_computers/universal_computer.vhd Line: 122
Warning (10492): VHDL Process Statement warning at universal_computer.vhd(123): signal "out_vec" is read inside the Process Statement but isn't in the Process Statement's sensitivity list File: /mnt/data_disk/quartus_projects/universal_computers/universal_computer.vhd Line: 123
Warning (10492): VHDL Process Statement warning at universal_computer.vhd(124): signal "gate_sel_xor" is read inside the Process Statement but isn't in the Process Statement's sensitivity list File: /mnt/data_disk/quartus_projects/universal_computers/universal_computer.vhd Line: 124
Warning (10492): VHDL Process Statement warning at universal_computer.vhd(126): signal "out_vec" is read inside the Process Statement but isn't in the Process Statement's sensitivity list File: /mnt/data_disk/quartus_projects/universal_computers/universal_computer.vhd Line: 126
Warning (10492): VHDL Process Statement warning at universal_computer.vhd(127): signal "out_vec" is read inside the Process Statement but isn't in the Process Statement's sensitivity list File: /mnt/data_disk/quartus_projects/universal_computers/universal_computer.vhd Line: 127
Warning (10492): VHDL Process Statement warning at universal_computer.vhd(128): signal "gate_sel_and" is read inside the Process Statement but isn't in the Process Statement's sensitivity list File: /mnt/data_disk/quartus_projects/universal_computers/universal_computer.vhd Line: 128
Warning (10492): VHDL Process Statement warning at universal_computer.vhd(130): signal "out_vec" is read inside the Process Statement but isn't in the Process Statement's sensitivity list File: /mnt/data_disk/quartus_projects/universal_computers/universal_computer.vhd Line: 130
Info (12128): Elaborating entity "brute_force_universal_element" for hierarchy "brute_force_universal_element:\gen_gates:0:tmp_gate" File: /mnt/data_disk/quartus_projects/universal_computers/universal_computer.vhd Line: 48
Warning (13024): Output pins are stuck at VCC or GND
    Warning (13410): Pin "output[4]" is stuck at GND File: /mnt/data_disk/quartus_projects/universal_computers/universal_computer.vhd Line: 10
    Warning (13410): Pin "output[5]" is stuck at GND File: /mnt/data_disk/quartus_projects/universal_computers/universal_computer.vhd Line: 10
    Warning (13410): Pin "output[6]" is stuck at GND File: /mnt/data_disk/quartus_projects/universal_computers/universal_computer.vhd Line: 10
    Warning (13410): Pin "output[7]" is stuck at GND File: /mnt/data_disk/quartus_projects/universal_computers/universal_computer.vhd Line: 10
Info (286030): Timing-Driven Synthesis is running
Info (16010): Generating hard_block partition "hard_block:auto_generated_inst"
    Info (16011): Adding 0 node(s), including 0 DDIO, 0 PLL, 0 transceiver and 0 LCELL
Info (21057): Implemented 21 device resources after synthesis - the final resource count might be different
    Info (21058): Implemented 5 input pins
    Info (21059): Implemented 8 output pins
    Info (21061): Implemented 8 logic cells
Info: Quartus Prime Analysis & Synthesis was successful. 0 errors, 41 warnings
    Info: Peak virtual memory: 448 megabytes
    Info: Processing ended: Sun Jul 11 19:33:07 2021
    Info: Elapsed time: 00:00:07
    Info: Total CPU time (on all processors): 00:00:17


